<?xml version="1.0" encoding="UTF-8"?>
<!-- Generated by org.testng.reporters.JUnitXMLReporter -->
<testsuite ignored="2" hostname="DESKTOP-P86CKT6" failures="0" tests="4" name="TestRunner-firefox" time="163.773" errors="0" timestamp="2022-01-21T15:46:55 IST">
  <testcase classname="com.crm.comcast.orgtest.OrganizationTest" name="createOrgTest" time="22.943"/>
  <testcase classname="com.crm.comcast.orgtest.OrganizationTest" name="createOrgWithIndustriesTypeTest" time="19.089"/>
  <testcase classname="com.crm.comcast.ContactTest.ContactTests" name="createContactTest" time="21.195"/>
  <testcase classname="com.crm.comcast.ContactTest.ContactTests" name="createContactWithOrgTest" time="41.69"/>
  <testcase classname="com.crm.comcast.genericutility.BaseAnnotationClass" name="@BeforeSuite configBS" time="0.0">
    <ignored/>
  </testcase> <!-- @BeforeSuite configBS -->
  <testcase classname="com.crm.comcast.genericutility.BaseAnnotationClass" name="@AfterSuite configAS" time="0.0">
    <ignored/>
  </testcase> <!-- @AfterSuite configAS -->
</testsuite> <!-- TestRunner-firefox -->
