<?xml version="1.0" encoding="UTF-8"?>
<!-- Generated by org.testng.reporters.JUnitXMLReporter -->
<testsuite ignored="2" hostname="DESKTOP-P86CKT6" failures="0" tests="4" name="TestRunner-chrome" time="163.004" errors="0" timestamp="2022-01-21T15:46:54 IST">
  <testcase classname="com.crm.comcast.orgtest.OrganizationTest" name="createOrgTest" time="23.774"/>
  <testcase classname="com.crm.comcast.orgtest.OrganizationTest" name="createOrgWithIndustriesTypeTest" time="21.441"/>
  <testcase classname="com.crm.comcast.ContactTest.ContactTests" name="createContactTest" time="21.052"/>
  <testcase classname="com.crm.comcast.ContactTest.ContactTests" name="createContactWithOrgTest" time="45.04"/>
  <testcase classname="com.crm.comcast.genericutility.BaseAnnotationClass" name="@BeforeSuite configBS" time="0.0">
    <ignored/>
  </testcase> <!-- @BeforeSuite configBS -->
  <testcase classname="com.crm.comcast.genericutility.BaseAnnotationClass" name="@AfterSuite configAS" time="0.0">
    <ignored/>
  </testcase> <!-- @AfterSuite configAS -->
</testsuite> <!-- TestRunner-chrome -->
