<?xml version="1.0" encoding="UTF-8"?>
<!-- Generated by org.testng.reporters.JUnitXMLReporter -->
<testsuite ignored="0" hostname="DESKTOP-P86CKT6" failures="0" tests="2" name="TestRunner-2" time="78.075" errors="0" timestamp="2022-01-21T15:30:45 IST">
  <testcase classname="com.crm.comcast.ContactTest.ContactTests" name="createContactTest" time="21.47"/>
  <testcase classname="com.crm.comcast.ContactTest.ContactTests" name="createContactWithOrgTest" time="36.58"/>
</testsuite> <!-- TestRunner-2 -->
