<?xml version="1.0" encoding="UTF-8"?>
<!-- Generated by org.testng.reporters.JUnitXMLReporter -->
<testsuite ignored="0" hostname="DESKTOP-P86CKT6" failures="0" tests="2" name="TestRunner-1" time="64.604" errors="0" timestamp="2022-01-21T15:30:32 IST">
  <testcase classname="com.crm.comcast.orgtest.OrganizationTest" name="createOrgTest" time="21.659"/>
  <testcase classname="com.crm.comcast.orgtest.OrganizationTest" name="createOrgWithIndustriesTypeTest" time="20.849"/>
</testsuite> <!-- TestRunner-1 -->
