<?xml version="1.0" encoding="UTF-8"?>
<!-- Generated by org.testng.reporters.JUnitXMLReporter -->
<testsuite ignored="4" hostname="DESKTOP-P86CKT6" failures="0" tests="2" name="Test" time="55.104" errors="0" timestamp="2022-01-21T13:08:02 IST">
  <testcase classname="com.crm.comcast.orgtest.OrganizationTest" name="createOrgTest" time="16.48"/>
  <testcase classname="com.crm.comcast.ContactTest.ContactTests" name="createContactTest" time="15.154"/>
  <testcase classname="com.crm.comcast.genericutility.BaseAnnotationClass" name="@BeforeSuite configBS" time="0.0">
    <ignored/>
  </testcase> <!-- @BeforeSuite configBS -->
  <testcase classname="com.crm.comcast.ContactTest.ContactTests" name="createContactWithOrgTest" time="0.0">
    <ignored/>
  </testcase> <!-- createContactWithOrgTest -->
  <testcase classname="com.crm.comcast.orgtest.OrganizationTest" name="createOrgWithIndustriesTypeTest" time="0.0">
    <ignored/>
  </testcase> <!-- createOrgWithIndustriesTypeTest -->
  <testcase classname="com.crm.comcast.genericutility.BaseAnnotationClass" name="@AfterSuite configAS" time="0.0">
    <ignored/>
  </testcase> <!-- @AfterSuite configAS -->
</testsuite> <!-- Test -->
